<?xml version="1.0" encoding="UTF-8"?>
<!-- Generated by org.testng.reporters.JUnitXMLReporter -->
<testsuite hostname="DESKTOP-MBIM8R9" failures="0" tests="4" name="Default test" time="8.331" errors="0" timestamp="8 Apr 2021 06:29:38 GMT">
  <testcase classname="com.test.jtc.tests.GoogleSearchTest" name="verifyPageTitle" time="0.012"/>
  <testcase classname="com.test.jtc.tests.GoogleSearchTest" name="verifyPageTitle" time="0.012"/>
  <testcase classname="com.test.jtc.tests.GoogleSearchTest" name="googleSearch" time="2.478"/>
  <testcase classname="com.test.jtc.tests.GoogleSearchTest" name="googleSearch" time="2.478"/>
</testsuite> <!-- Default test -->
